Command line:
   control_isim_beh.exe
     -simmode  gui
     -simrunnum  1
     -socket  48093

Thu Oct  4 12:57:10 2018


 Elaboration Time: 0.05 sec

 Current Memory Usage: 140.448 Meg

 Total Signals          : 9
 Total Nets             : 13
 Total Signal Drivers   : 6
 Total Blocks           : 4
 Total Primitive Blocks : 4
 Total Processes        : 6
 Total Traceable Variables  : 10
 Total Scalar Nets and Variables : 391
Total Line Count : 21

 Total Simulation Time: 0.05 sec

 Current Memory Usage: 149.889 Meg

Thu Oct  4 12:57:37 2018

