Command line:
   tb_coder_isim_beh.exe
     -simmode  gui
     -simrunnum  0
     -socket  63075

Thu Oct 04 18:52:52 2018


 Elaboration Time: 0.0625 sec

 Current Memory Usage: 5646.86 Meg

 Total Signals          : 61
 Total Nets             : 39
 Total Signal Drivers   : 26
 Total Blocks           : 16
 Total Primitive Blocks : 11
 Total Processes        : 24
 Total Traceable Variables  : 49
 Total Scalar Nets and Variables : 550
Total Line Count : 62
Total Line Count : 62
Total Line Count : 62
Total Line Count : 62
Total Line Count : 62

 Total Simulation Time: 0.125 sec

 Current Memory Usage: 5175.01 Meg

Thu Oct 04 18:55:38 2018

