Command line:
   sr_isim_beh.exe
     -simmode  gui
     -simrunnum  0
     -socket  35629

Thu Oct  4 13:19:52 2018


 Elaboration Time: 0.03 sec

 Current Memory Usage: 140.366 Meg

 Total Signals          : 6
 Total Nets             : 12
 Total Signal Drivers   : 2
 Total Blocks           : 2
 Total Primitive Blocks : 2
 Total Processes        : 2
 Total Traceable Variables  : 8
 Total Scalar Nets and Variables : 372
Total Line Count : 5

 Total Simulation Time: 0.03 sec

 Current Memory Usage: 149.807 Meg

Thu Oct  4 13:19:58 2018

